###########################################################################
Tue, 03 Nov 2020 04:47:23 +0000
###########################################################################

Script: qeeos.py
Loaded: input.in

############################
EOS Calc
############################

Strain (0): -0.02
Strain (1): -0.0133333333333
Strain (2): -0.00666666666667
Strain (3): 0.0
Strain (4): 0.00666666666667
Strain (5): 0.0133333333333
Strain (6): 0.02

############################
EC Calc
############################

#############
0
#############
Sigma: 0.0
Sigma: 0.00166666666667
Sigma: 0.00333333333333
Sigma: 0.005
Sigma: 0.00666666666667
Sigma: 0.00833333333333
Sigma: 0.01

#############
1
#############
Sigma: 0.0
Sigma: 0.00166666666667
Sigma: 0.00333333333333
Sigma: 0.005
Sigma: 0.00666666666667
Sigma: 0.00833333333333
Sigma: 0.01

#############
2
#############
Sigma: 0.0
Sigma: 0.00166666666667
Sigma: 0.00333333333333
Sigma: 0.005
Sigma: 0.00666666666667
Sigma: 0.00833333333333
Sigma: 0.01

#############
3
#############
Sigma: 0.0
Sigma: 0.00166666666667
Sigma: 0.00333333333333
Sigma: 0.005
Sigma: 0.00666666666667
Sigma: 0.00833333333333
Sigma: 0.01

#############
4
#############
Sigma: 0.0
Sigma: 0.00166666666667
Sigma: 0.00333333333333
Sigma: 0.005
Sigma: 0.00666666666667
Sigma: 0.00833333333333
Sigma: 0.01

#############
5
#############
Sigma: 0.0
Sigma: 0.00166666666667
Sigma: 0.00333333333333
Sigma: 0.005
Sigma: 0.00666666666667
Sigma: 0.00833333333333
Sigma: 0.01

#############
6
#############
Sigma: 0.0
Sigma: 0.00166666666667
Sigma: 0.00333333333333
Sigma: 0.005
Sigma: 0.00666666666667
Sigma: 0.00833333333333
Sigma: 0.01

#############
7
#############
Sigma: 0.0
Sigma: 0.00166666666667
Sigma: 0.00333333333333
Sigma: 0.005
Sigma: 0.00666666666667
Sigma: 0.00833333333333
Sigma: 0.01

#############
8
#############
Sigma: 0.0
Sigma: 0.00166666666667
Sigma: 0.00333333333333
Sigma: 0.005
Sigma: 0.00666666666667
Sigma: 0.00833333333333
Sigma: 0.01

#############
0
#############
0,0,0,0.0,71.367478125,-329.257830569,-10536.2505782
#############
0
#############
1,0,1,0.00166666666667,71.486425,-329.257868796,-10536.2518015
#############
0
#############
2,0,2,0.00333333333333,71.605371875,-329.257902714,-10536.2528868
#############
0
#############
3,0,3,0.005,71.724315625,-329.257931696,-10536.2538143
#############
0
#############
4,0,4,0.00666666666667,71.8432625,-329.257954366,-10536.2545397
#############
0
#############
5,0,5,0.00833333333333,71.962209375,-329.25797326,-10536.2551443
#############
0
#############
6,0,6,0.01,72.081153125,-329.257987403,-10536.2555969
#############
1
#############
7,1,0,0.0,71.367478125,-329.257830569,-10536.2505782
#############
1
#############
8,1,1,0.00166666666667,71.486425,-329.257869868,-10536.2518358
#############
1
#############
9,1,2,0.00333333333333,71.605371875,-329.257905782,-10536.252985
#############
1
#############
10,1,3,0.005,71.724315625,-329.257936907,-10536.253981
#############
1
#############
11,1,4,0.00666666666667,71.8432625,-329.25796417,-10536.2548534
#############
1
#############
12,1,5,0.00833333333333,71.962209375,-329.257987802,-10536.2556097
#############
1
#############
13,1,6,0.01,72.081153125,-329.25800682,-10536.2562183
#############
2
#############
14,2,0,0.0,71.367478125,-329.257830569,-10536.2505782
#############
2
#############
15,2,1,0.00166666666667,71.486425,-329.257868782,-10536.251801
#############
2
#############
16,2,2,0.00333333333333,71.605371875,-329.257902655,-10536.252885
#############
2
#############
17,2,3,0.005,71.724315625,-329.25793175,-10536.253816
#############
2
#############
18,2,4,0.00666666666667,71.8432625,-329.257954459,-10536.2545427
#############
2
#############
19,2,5,0.00833333333333,71.962209375,-329.257973239,-10536.2551436
#############
2
#############
20,2,6,0.01,72.081153125,-329.257987465,-10536.2555989
#############
3
#############
21,3,0,0.0,71.367478125,-329.257830569,-10536.2505782
#############
3
#############
22,3,1,0.00166666666667,71.367478125,-329.257826303,-10536.2504417
#############
3
#############
23,3,2,0.00333333333333,71.367478125,-329.257811442,-10536.2499662
#############
3
#############
24,3,3,0.005,71.367478125,-329.257786239,-10536.2491597
#############
3
#############
25,3,4,0.00666666666667,71.367478125,-329.257751709,-10536.2480547
#############
3
#############
26,3,5,0.00833333333333,71.367478125,-329.257705873,-10536.2465879
#############
3
#############
27,3,6,0.01,71.367478125,-329.257651242,-10536.2448397
#############
4
#############
28,4,0,0.0,71.367478125,-329.257830569,-10536.2505782
#############
4
#############
29,4,1,0.00166666666667,71.367478125,-329.257824036,-10536.2503692
#############
4
#############
30,4,2,0.00333333333333,71.367478125,-329.257802087,-10536.2496668
#############
4
#############
31,4,3,0.005,71.367478125,-329.257765266,-10536.2484885
#############
4
#############
32,4,4,0.00666666666667,71.367478125,-329.257714763,-10536.2468724
#############
4
#############
33,4,5,0.00833333333333,71.367478125,-329.257649616,-10536.2447877
#############
4
#############
34,4,6,0.01,71.367478125,-329.257569881,-10536.2422362
#############
5
#############
35,5,0,0.0,71.367478125,-329.257830569,-10536.2505782
#############
5
#############
36,5,1,0.00166666666667,71.367478125,-329.257826275,-10536.2504408
#############
5
#############
37,5,2,0.00333333333333,71.367478125,-329.257811496,-10536.2499679
#############
5
#############
38,5,3,0.005,71.367478125,-329.257786288,-10536.2491612
#############
5
#############
39,5,4,0.00666666666667,71.367478125,-329.257751701,-10536.2480544
#############
5
#############
40,5,5,0.00833333333333,71.367478125,-329.257705904,-10536.2465889
#############
5
#############
41,5,6,0.01,71.367478125,-329.257651267,-10536.2448405
#############
6
#############
42,6,0,0.0,71.367478125,-329.257830569,-10536.2505782
#############
6
#############
43,6,1,0.00166666666667,71.367478125,-329.257824342,-10536.2503789
#############
6
#############
44,6,2,0.00333333333333,71.367478125,-329.257816172,-10536.2501175
#############
6
#############
45,6,3,0.005,71.367478125,-329.257802158,-10536.2496691
#############
6
#############
46,6,4,0.00666666666667,71.367478125,-329.257782523,-10536.2490407
#############
6
#############
47,6,5,0.00833333333333,71.367478125,-329.25775728,-10536.248233
#############
6
#############
48,6,6,0.01,71.367478125,-329.257726978,-10536.2472633
#############
7
#############
49,7,0,0.0,71.367478125,-329.257830569,-10536.2505782
#############
7
#############
50,7,1,0.00166666666667,71.367478125,-329.257829341,-10536.2505389
#############
7
#############
51,7,2,0.00333333333333,71.367478125,-329.257824119,-10536.2503718
#############
7
#############
52,7,3,0.005,71.367478125,-329.257815763,-10536.2501044
#############
7
#############
53,7,4,0.00666666666667,71.367478125,-329.257804482,-10536.2497434
#############
7
#############
54,7,5,0.00833333333333,71.367478125,-329.257788377,-10536.2492281
#############
7
#############
55,7,6,0.01,71.367478125,-329.25776932,-10536.2486182
#############
8
#############
56,8,0,0.0,71.367478125,-329.257830569,-10536.2505782
#############
8
#############
57,8,1,0.00166666666667,71.367478125,-329.257829457,-10536.2505426
#############
8
#############
58,8,2,0.00333333333333,71.367478125,-329.257821127,-10536.2502761
#############
8
#############
59,8,3,0.005,71.367478125,-329.257807719,-10536.249847
#############
8
#############
60,8,4,0.00666666666667,71.367478125,-329.257789526,-10536.2492648
#############
8
#############
61,8,5,0.00833333333333,71.367478125,-329.257764931,-10536.2484778
#############
8
#############
62,8,6,0.01,71.367478125,-329.257736035,-10536.2475531


############################
EOS Parameters
############################

V0 73.1321918692 Bohr^3
E0 -329.258178984 Ry
B0 0.0153732026949 Ry/Bohr^3
B0P 3.74220549488
B0 226.147498244 GPa


############################
EC Calculation
############################

C2 0: 0.892111604273
C2 1: 0.73085758749
C2 2: 0.892162500565
C2 3: 1.82293392285
C2 4: 2.6115616029
C2 5: 1.82383259123
C2 6: 0.929918298543
C2 7: 0.640308485421
C2 8: 0.984914723602

Volume: 71.3674795301

C11: 0.0250005075182
C22: 0.0204815300275
C33: 0.0250019338343
C44: 0.0127714607189
C55: 0.0182965800397
C66: 0.0127777567824
C12: 0.00971101820862
C13: 0.0160292282556
C23: 0.00894112232427


###########################################################################
Duration: 18.47855854034424
###########################################################################
