###########################################################################
Tue, 03 Nov 2020 06:01:03 +0000
###########################################################################

Script: qeeos.py
Loaded: input.in

############################
EOS Calc
############################

Strain (0): -0.005
Strain (1): -0.00375
Strain (2): -0.0025
Strain (3): -0.00125
Strain (4): 0.0
Strain (5): 0.00125
Strain (6): 0.0025
Strain (7): 0.00375
Strain (8): 0.005

############################
EC Calc
############################

#############
0
#############
Sigma: 0.0
Sigma: 0.000625
Sigma: 0.00125
Sigma: 0.001875
Sigma: 0.0025
Sigma: 0.003125
Sigma: 0.00375
Sigma: 0.004375
Sigma: 0.005

#############
1
#############
Sigma: 0.0
Sigma: 0.000625
Sigma: 0.00125
Sigma: 0.001875
Sigma: 0.0025
Sigma: 0.003125
Sigma: 0.00375
Sigma: 0.004375
Sigma: 0.005

#############
2
#############
Sigma: 0.0
Sigma: 0.000625
Sigma: 0.00125
Sigma: 0.001875
Sigma: 0.0025
Sigma: 0.003125
Sigma: 0.00375
Sigma: 0.004375
Sigma: 0.005

#############
3
#############
Sigma: 0.0
Sigma: 0.000625
Sigma: 0.00125
Sigma: 0.001875
Sigma: 0.0025
Sigma: 0.003125
Sigma: 0.00375
Sigma: 0.004375
Sigma: 0.005

#############
4
#############
Sigma: 0.0
Sigma: 0.000625
Sigma: 0.00125
Sigma: 0.001875
Sigma: 0.0025
Sigma: 0.003125
Sigma: 0.00375
Sigma: 0.004375
Sigma: 0.005

#############
5
#############
Sigma: 0.0
Sigma: 0.000625
Sigma: 0.00125
Sigma: 0.001875
Sigma: 0.0025
Sigma: 0.003125
Sigma: 0.00375
Sigma: 0.004375
Sigma: 0.005

#############
6
#############
Sigma: 0.0
Sigma: 0.000625
Sigma: 0.00125
Sigma: 0.001875
Sigma: 0.0025
Sigma: 0.003125
Sigma: 0.00375
Sigma: 0.004375
Sigma: 0.005

#############
7
#############
Sigma: 0.0
Sigma: 0.000625
Sigma: 0.00125
Sigma: 0.001875
Sigma: 0.0025
Sigma: 0.003125
Sigma: 0.00375
Sigma: 0.004375
Sigma: 0.005

#############
8
#############
Sigma: 0.0
Sigma: 0.000625
Sigma: 0.00125
Sigma: 0.001875
Sigma: 0.0025
Sigma: 0.003125
Sigma: 0.00375
Sigma: 0.004375
Sigma: 0.005

#############
0
#############
0,0,0,0.0,70.13108125,-329.231699067,-5267.70718507
#############
0
#############
1,0,1,0.000625,70.1749125,-329.23171482,-5267.70743712
#############
0
#############
2,0,2,0.00125,70.21874375,-329.231729566,-5267.70767305
#############
0
#############
3,0,3,0.001875,70.262575,-329.231744853,-5267.70791764
#############
0
#############
4,0,4,0.0025,70.3064125,-329.231759417,-5267.70815068
#############
0
#############
5,0,5,0.003125,70.35024375,-329.231773281,-5267.70837249
#############
0
#############
6,0,6,0.00375,70.394075,-329.231788767,-5267.70862027
#############
0
#############
7,0,7,0.004375,70.43790625,-329.231804195,-5267.70886712
#############
0
#############
8,0,8,0.005,70.4817375,-329.231817199,-5267.70907519
#############
1
#############
9,1,0,0.0,70.13108125,-329.231699067,-5267.70718507
#############
1
#############
10,1,1,0.000625,70.1749125,-329.231715776,-5267.70745242
#############
1
#############
11,1,2,0.00125,70.21874375,-329.231730734,-5267.70769174
#############
1
#############
12,1,3,0.001875,70.262575,-329.231746474,-5267.70794358
#############
1
#############
13,1,4,0.0025,70.3064125,-329.231761249,-5267.70817999
#############
1
#############
14,1,5,0.003125,70.35024375,-329.23177546,-5267.70840736
#############
1
#############
15,1,6,0.00375,70.394075,-329.231789012,-5267.70862419
#############
1
#############
16,1,7,0.004375,70.43790625,-329.231804429,-5267.70887087
#############
1
#############
17,1,8,0.005,70.4817375,-329.231817403,-5267.70907845
#############
2
#############
18,2,0,0.0,70.13108125,-329.231699067,-5267.70718507
#############
2
#############
19,2,1,0.000625,70.1749125,-329.231714081,-5267.70742529
#############
2
#############
20,2,2,0.00125,70.21874375,-329.231729031,-5267.7076645
#############
2
#############
21,2,3,0.001875,70.262575,-329.23174479,-5267.70791664
#############
2
#############
22,2,4,0.0025,70.3064125,-329.231759569,-5267.7081531
#############
2
#############
23,2,5,0.003125,70.35024375,-329.231773781,-5267.70838049
#############
2
#############
24,2,6,0.00375,70.394075,-329.231787367,-5267.70859787
#############
2
#############
25,2,7,0.004375,70.43790625,-329.231802801,-5267.70884481
#############
2
#############
26,2,8,0.005,70.4817375,-329.231815736,-5267.70905178
#############
3
#############
27,3,0,0.0,70.13108125,-329.231699067,-5267.70718507
#############
3
#############
28,3,1,0.000625,70.13108125,-329.231699988,-5267.70719981
#############
3
#############
29,3,2,0.00125,70.13108125,-329.231698142,-5267.70717027
#############
3
#############
30,3,3,0.001875,70.13108125,-329.231693985,-5267.70710376
#############
3
#############
31,3,4,0.0025,70.13108125,-329.231689537,-5267.70703259
#############
3
#############
32,3,5,0.003125,70.13108125,-329.231684073,-5267.70694517
#############
3
#############
33,3,6,0.00375,70.13108125,-329.231676671,-5267.70682674
#############
3
#############
34,3,7,0.004375,70.13108125,-329.231667855,-5267.70668568
#############
3
#############
35,3,8,0.005,70.13108125,-329.231659044,-5267.70654471
#############
4
#############
36,4,0,0.0,70.13108125,-329.231699067,-5267.70718507
#############
4
#############
37,4,1,0.000625,70.13108125,-329.23170054,-5267.70720864
#############
4
#############
38,4,2,0.00125,70.13108125,-329.23169869,-5267.70717904
#############
4
#############
39,4,3,0.001875,70.13108125,-329.231694523,-5267.70711237
#############
4
#############
40,4,4,0.0025,70.13108125,-329.231690056,-5267.7070409
#############
4
#############
41,4,5,0.003125,70.13108125,-329.231684665,-5267.70695464
#############
4
#############
42,4,6,0.00375,70.13108125,-329.231677261,-5267.70683617
#############
4
#############
43,4,7,0.004375,70.13108125,-329.23166848,-5267.70669568
#############
4
#############
44,4,8,0.005,70.13108125,-329.231659659,-5267.70655454
#############
5
#############
45,5,0,0.0,70.13108125,-329.231699067,-5267.70718507
#############
5
#############
46,5,1,0.000625,70.13108125,-329.231700448,-5267.70720717
#############
5
#############
47,5,2,0.00125,70.13108125,-329.231698615,-5267.70717784
#############
5
#############
48,5,3,0.001875,70.13108125,-329.231694464,-5267.70711142
#############
5
#############
49,5,4,0.0025,70.13108125,-329.231689997,-5267.70703995
#############
5
#############
50,5,5,0.003125,70.13108125,-329.231684607,-5267.70695372
#############
5
#############
51,5,6,0.00375,70.13108125,-329.231677207,-5267.70683531
#############
5
#############
52,5,7,0.004375,70.13108125,-329.231668431,-5267.7066949
#############
5
#############
53,5,8,0.005,70.13108125,-329.231659634,-5267.70655415
#############
6
#############
54,6,0,0.0,70.13108125,-329.231699067,-5267.70718507
#############
6
#############
55,6,1,0.000625,70.13108125,-329.231699596,-5267.70719354
#############
6
#############
56,6,2,0.00125,70.13108125,-329.231701396,-5267.70722233
#############
6
#############
57,6,3,0.001875,70.13108125,-329.231703394,-5267.7072543
#############
6
#############
58,6,4,0.0025,70.13108125,-329.23170613,-5267.70729808
#############
6
#############
59,6,5,0.003125,70.13108125,-329.231712716,-5267.70740346
#############
6
#############
60,6,6,0.00375,70.13108125,-329.231716732,-5267.70746772
#############
6
#############
61,6,7,0.004375,70.13108125,-329.231721821,-5267.70754913
#############
6
#############
62,6,8,0.005,70.13108125,-329.231727901,-5267.70764641
#############
7
#############
63,7,0,0.0,70.13108125,-329.231699067,-5267.70718507
#############
7
#############
64,7,1,0.000625,70.13108125,-329.231699327,-5267.70718923
#############
7
#############
65,7,2,0.00125,70.13108125,-329.231700793,-5267.70721269
#############
7
#############
66,7,3,0.001875,70.13108125,-329.231702596,-5267.70724153
#############
7
#############
67,7,4,0.0025,70.13108125,-329.231705772,-5267.70729236
#############
7
#############
68,7,5,0.003125,70.13108125,-329.231712706,-5267.70740329
#############
7
#############
69,7,6,0.00375,70.13108125,-329.231716724,-5267.70746758
#############
7
#############
70,7,7,0.004375,70.13108125,-329.231721816,-5267.70754905
#############
7
#############
71,7,8,0.005,70.13108125,-329.231727888,-5267.7076462
#############
8
#############
72,8,0,0.0,70.13108125,-329.231699067,-5267.70718507
#############
8
#############
73,8,1,0.000625,70.13108125,-329.231701269,-5267.70722031
#############
8
#############
74,8,2,0.00125,70.13108125,-329.231702853,-5267.70724565
#############
8
#############
75,8,3,0.001875,70.13108125,-329.231704995,-5267.70727992
#############
8
#############
76,8,4,0.0025,70.13108125,-329.231708401,-5267.70733441
#############
8
#############
77,8,5,0.003125,70.13108125,-329.231712686,-5267.70740297
#############
8
#############
78,8,6,0.00375,70.13108125,-329.231716699,-5267.70746719
#############
8
#############
79,8,7,0.004375,70.13108125,-329.231721793,-5267.70754868
#############
8
#############
80,8,8,0.005,70.13108125,-329.231727863,-5267.70764581


############################
EOS Parameters
############################

V0 71.4368199046 Bohr^3
E0 -329.231932186 Ry
B0 0.0195284174344 Ry/Bohr^3
B0P 4.98933790197
B0 287.272784669 GPa


############################
EC Calculation
############################

C2 0: 0.151586184846
C2 1: 0.424524658754
C2 2: 0.292583596382
C2 3: 1.70171775611
C2 4: 1.73844674884
C2 5: 1.7314164804
C2 6: -1.00713592262
C2 7: -1.07224584723
C2 8: -0.80476536976

Volume: 70.1310816905

C11: 0.00432293873677
C22: 0.0121066051891
C33: 0.00834390656266
C44: 0.0121324077363
C55: 0.0123942673273
C66: 0.0123441449829
C12: 0.0225755360969
C13: 0.02162259004
C23: 0.0217004156818


###########################################################################
Duration: 21.054694890975952
###########################################################################
