###########################################################################
Fri, 14 May 2021 11:09:34 +0000
###########################################################################

Script: qeeos.py
Loaded: input.in

############################
EOS Calc
############################

Strain (0): -0.005
Strain (1): -0.004
Strain (2): -0.003
Strain (3): -0.002
Strain (4): -0.001
Strain (5): 0.0
Strain (6): 0.001
Strain (7): 0.002
Strain (8): 0.003
Strain (9): 0.004
Strain (10): 0.005

############################
EC Calc
############################

#############
0
#############
Sigma: 0.0
Sigma: 0.000625
Sigma: 0.00125
Sigma: 0.001875
Sigma: 0.0025
Sigma: 0.003125
Sigma: 0.00375
Sigma: 0.004375
Sigma: 0.005

#############
1
#############
Sigma: 0.0
Sigma: 0.000625
Sigma: 0.00125
Sigma: 0.001875
Sigma: 0.0025
Sigma: 0.003125
Sigma: 0.00375
Sigma: 0.004375
Sigma: 0.005

#############
2
#############
Sigma: 0.0
Sigma: 0.000625
Sigma: 0.00125
Sigma: 0.001875
Sigma: 0.0025
Sigma: 0.003125
Sigma: 0.00375
Sigma: 0.004375
Sigma: 0.005

#############
3
#############
Sigma: 0.0
Sigma: 0.000625
Sigma: 0.00125
Sigma: 0.001875
Sigma: 0.0025
Sigma: 0.003125
Sigma: 0.00375
Sigma: 0.004375
Sigma: 0.005

#############
4
#############
Sigma: 0.0
Sigma: 0.000625
Sigma: 0.00125
Sigma: 0.001875
Sigma: 0.0025
Sigma: 0.003125
Sigma: 0.00375
Sigma: 0.004375
Sigma: 0.005

#############
5
#############
Sigma: 0.0
Sigma: 0.000625
Sigma: 0.00125
Sigma: 0.001875
Sigma: 0.0025
Sigma: 0.003125
Sigma: 0.00375
Sigma: 0.004375
Sigma: 0.005

#############
6
#############
Sigma: 0.0
Sigma: 0.000625
Sigma: 0.00125
Sigma: 0.001875
Sigma: 0.0025
Sigma: 0.003125
Sigma: 0.00375
Sigma: 0.004375
Sigma: 0.005

#############
7
#############
Sigma: 0.0
Sigma: 0.000625
Sigma: 0.00125
Sigma: 0.001875
Sigma: 0.0025
Sigma: 0.003125
Sigma: 0.00375
Sigma: 0.004375
Sigma: 0.005

#############
8
#############
Sigma: 0.0
Sigma: 0.000625
Sigma: 0.00125
Sigma: 0.001875
Sigma: 0.0025
Sigma: 0.003125
Sigma: 0.00375
Sigma: 0.004375
Sigma: 0.005

#############
0
#############
0,0,0,0.0,111.084325,-39.5028433375,-158.01137335
#############
0
#############
1,0,1,0.000625,111.15375,-39.50284318,-158.01137272
#############
0
#############
2,0,2,0.00125,111.223175,-39.5028426475,-158.01137059
#############
0
#############
3,0,3,0.001875,111.2926,-39.502841755,-158.01136702
#############
0
#############
4,0,4,0.0025,111.362025,-39.5028404425,-158.01136177
#############
0
#############
5,0,5,0.003125,111.431475,-39.5028387725,-158.01135509
#############
0
#############
6,0,6,0.00375,111.5009,-39.50283669,-158.01134676
#############
0
#############
7,0,7,0.004375,111.570325,-39.502834245,-158.01133698
#############
0
#############
8,0,8,0.005,111.63975,-39.5028314,-158.0113256
#############
1
#############
9,1,0,0.0,111.084325,-39.5028433375,-158.01137335
#############
1
#############
10,1,1,0.000625,111.15375,-39.5028432025,-158.01137281
#############
1
#############
11,1,2,0.00125,111.223175,-39.502842685,-158.01137074
#############
1
#############
12,1,3,0.001875,111.2926,-39.5028417775,-158.01136711
#############
1
#############
13,1,4,0.0025,111.362025,-39.5028404725,-158.01136189
#############
1
#############
14,1,5,0.003125,111.431475,-39.5028387925,-158.01135517
#############
1
#############
15,1,6,0.00375,111.5009,-39.502836725,-158.0113469
#############
1
#############
16,1,7,0.004375,111.570325,-39.5028342725,-158.01133709
#############
1
#############
17,1,8,0.005,111.63975,-39.502831465,-158.01132586
#############
2
#############
18,2,0,0.0,111.084325,-39.5028433375,-158.01137335
#############
2
#############
19,2,1,0.000625,111.15375,-39.5028431975,-158.01137279
#############
2
#############
20,2,2,0.00125,111.223175,-39.5028426925,-158.01137077
#############
2
#############
21,2,3,0.001875,111.2926,-39.502841775,-158.0113671
#############
2
#############
22,2,4,0.0025,111.362025,-39.5028404775,-158.01136191
#############
2
#############
23,2,5,0.003125,111.431475,-39.5028387975,-158.01135519
#############
2
#############
24,2,6,0.00375,111.5009,-39.502836725,-158.0113469
#############
2
#############
25,2,7,0.004375,111.570325,-39.50283427,-158.01133708
#############
2
#############
26,2,8,0.005,111.63975,-39.502831435,-158.01132574
#############
3
#############
27,3,0,0.0,111.084325,-39.5028433375,-158.01137335
#############
3
#############
28,3,1,0.000625,111.084325,-39.5028430975,-158.01137239
#############
3
#############
29,3,2,0.00125,111.084325,-39.50284249,-158.01136996
#############
3
#############
30,3,3,0.001875,111.084325,-39.50284147,-158.01136588
#############
3
#############
31,3,4,0.0025,111.084325,-39.5028400675,-158.01136027
#############
3
#############
32,3,5,0.003125,111.084325,-39.5028382525,-158.01135301
#############
3
#############
33,3,6,0.00375,111.084325,-39.50283603,-158.01134412
#############
3
#############
34,3,7,0.004375,111.084325,-39.5028334125,-158.01133365
#############
3
#############
35,3,8,0.005,111.084325,-39.5028303675,-158.01132147
#############
4
#############
36,4,0,0.0,111.084325,-39.5028433375,-158.01137335
#############
4
#############
37,4,1,0.000625,111.084325,-39.5028431275,-158.01137251
#############
4
#############
38,4,2,0.00125,111.084325,-39.50284252,-158.01137008
#############
4
#############
39,4,3,0.001875,111.084325,-39.50284154,-158.01136616
#############
4
#############
40,4,4,0.0025,111.084325,-39.5028401275,-158.01136051
#############
4
#############
41,4,5,0.003125,111.084325,-39.502838305,-158.01135322
#############
4
#############
42,4,6,0.00375,111.084325,-39.50283609,-158.01134436
#############
4
#############
43,4,7,0.004375,111.084325,-39.502833465,-158.01133386
#############
4
#############
44,4,8,0.005,111.084325,-39.5028304025,-158.01132161
#############
5
#############
45,5,0,0.0,111.084325,-39.5028433375,-158.01137335
#############
5
#############
46,5,1,0.000625,111.084325,-39.502843115,-158.01137246
#############
5
#############
47,5,2,0.00125,111.084325,-39.5028425125,-158.01137005
#############
5
#############
48,5,3,0.001875,111.084325,-39.5028415175,-158.01136607
#############
5
#############
49,5,4,0.0025,111.084325,-39.502840095,-158.01136038
#############
5
#############
50,5,5,0.003125,111.084325,-39.5028382725,-158.01135309
#############
5
#############
51,5,6,0.00375,111.084325,-39.502836055,-158.01134422
#############
5
#############
52,5,7,0.004375,111.084325,-39.502833435,-158.01133374
#############
5
#############
53,5,8,0.005,111.084325,-39.502830395,-158.01132158
#############
6
#############
54,6,0,0.0,111.084325,-39.5028433375,-158.01137335
#############
6
#############
55,6,1,0.000625,111.084325,-39.5028430525,-158.01137221
#############
6
#############
56,6,2,0.00125,111.084325,-39.5028422975,-158.01136919
#############
6
#############
57,6,3,0.001875,111.084325,-39.5028410625,-158.01136425
#############
6
#############
58,6,4,0.0025,111.084325,-39.5028393275,-158.01135731
#############
6
#############
59,6,5,0.003125,111.084325,-39.5028371,-158.0113484
#############
6
#############
60,6,6,0.00375,111.084325,-39.5028343775,-158.01133751
#############
6
#############
61,6,7,0.004375,111.084325,-39.50283116,-158.01132464
#############
6
#############
62,6,8,0.005,111.084325,-39.5028274725,-158.01130989
#############
7
#############
63,7,0,0.0,111.084325,-39.5028433375,-158.01137335
#############
7
#############
64,7,1,0.000625,111.084325,-39.5028430525,-158.01137221
#############
7
#############
65,7,2,0.00125,111.084325,-39.5028423075,-158.01136923
#############
7
#############
66,7,3,0.001875,111.084325,-39.5028410575,-158.01136423
#############
7
#############
67,7,4,0.0025,111.084325,-39.50283933,-158.01135732
#############
7
#############
68,7,5,0.003125,111.084325,-39.5028371025,-158.01134841
#############
7
#############
69,7,6,0.00375,111.084325,-39.5028343875,-158.01133755
#############
7
#############
70,7,7,0.004375,111.084325,-39.5028311775,-158.01132471
#############
7
#############
71,7,8,0.005,111.084325,-39.5028274675,-158.01130987
#############
8
#############
72,8,0,0.0,111.084325,-39.5028433375,-158.01137335
#############
8
#############
73,8,1,0.000625,111.084325,-39.50284306,-158.01137224
#############
8
#############
74,8,2,0.00125,111.084325,-39.502842305,-158.01136922
#############
8
#############
75,8,3,0.001875,111.084325,-39.5028410575,-158.01136423
#############
8
#############
76,8,4,0.0025,111.084325,-39.5028393325,-158.01135733
#############
8
#############
77,8,5,0.003125,111.084325,-39.5028371025,-158.01134841
#############
8
#############
78,8,6,0.00375,111.084325,-39.5028343825,-158.01133753
#############
8
#############
79,8,7,0.004375,111.084325,-39.502831165,-158.01132466
#############
8
#############
80,8,8,0.005,111.084325,-39.50282748,-158.01130992


############################
EOS Parameters
############################

V0 111.113040914 Bohr^3
E0 -39.5028433791 Ry
B0 0.00532062822795 Ry/Bohr^3
B0P 1.1603824335
B0 78.2691015472 GPa


############################
EC Calculation
############################

C2 0: 0.492862337204
C2 1: 0.492121216288
C2 2: 0.495154976512
C2 3: 0.513890912188
C2 4: 0.520664936286
C2 5: 0.516737663718
C2 6: 0.627657144855
C2 7: 0.628169697397
C2 8: 0.627269264294

Volume: 111.084325631

C11: 0.00887366123714
C22: 0.00886031784397
C33: 0.00891493869541
C44: 0.00231306671426
C55: 0.00234355717302
C66: 0.00232588018508
C12: 0.00321671312858
C13: 0.00323940946911
C23: 0.00324084362452


###########################################################################
Duration: 5239.401705026627
###########################################################################
