###########################################################################
Tue, 03 Nov 2020 04:42:30 +0000
###########################################################################

Script: qeeos.py
Loaded: input.in

############################
EOS Calc
############################

Strain (0): -0.02
Strain (1): -0.0171428571429
Strain (2): -0.0142857142857
Strain (3): -0.0114285714286
Strain (4): -0.00857142857143
Strain (5): -0.00571428571429
Strain (6): -0.00285714285714
Strain (7): 0.0
Strain (8): 0.00285714285714
Strain (9): 0.00571428571429
Strain (10): 0.00857142857143
Strain (11): 0.0114285714286
Strain (12): 0.0142857142857
Strain (13): 0.0171428571429
Strain (14): 0.02

############################
EC Calc
############################

#############
0
#############
Sigma: 0.0
Sigma: 0.000666666666667
Sigma: 0.00133333333333
Sigma: 0.002
Sigma: 0.00266666666667
Sigma: 0.00333333333333
Sigma: 0.004

#############
1
#############
Sigma: 0.0
Sigma: 0.000666666666667
Sigma: 0.00133333333333
Sigma: 0.002
Sigma: 0.00266666666667
Sigma: 0.00333333333333
Sigma: 0.004

#############
2
#############
Sigma: 0.0
Sigma: 0.000666666666667
Sigma: 0.00133333333333
Sigma: 0.002
Sigma: 0.00266666666667
Sigma: 0.00333333333333
Sigma: 0.004

#############
3
#############
Sigma: 0.0
Sigma: 0.000666666666667
Sigma: 0.00133333333333
Sigma: 0.002
Sigma: 0.00266666666667
Sigma: 0.00333333333333
Sigma: 0.004

#############
4
#############
Sigma: 0.0
Sigma: 0.000666666666667
Sigma: 0.00133333333333
Sigma: 0.002
Sigma: 0.00266666666667
Sigma: 0.00333333333333
Sigma: 0.004

#############
5
#############
Sigma: 0.0
Sigma: 0.000666666666667
Sigma: 0.00133333333333
Sigma: 0.002
Sigma: 0.00266666666667
Sigma: 0.00333333333333
Sigma: 0.004

#############
6
#############
Sigma: 0.0
Sigma: 0.000666666666667
Sigma: 0.00133333333333
Sigma: 0.002
Sigma: 0.00266666666667
Sigma: 0.00333333333333
Sigma: 0.004

#############
7
#############
Sigma: 0.0
Sigma: 0.000666666666667
Sigma: 0.00133333333333
Sigma: 0.002
Sigma: 0.00266666666667
Sigma: 0.00333333333333
Sigma: 0.004

#############
8
#############
Sigma: 0.0
Sigma: 0.000666666666667
Sigma: 0.00133333333333
Sigma: 0.002
Sigma: 0.00266666666667
Sigma: 0.00333333333333
Sigma: 0.004

#############
0
#############
0,0,0,0.0,74.30205625,-329.261843374,-5268.18949398
#############
0
#############
1,0,1,0.000666666666667,74.35159375,-329.261857889,-5268.18972623
#############
0
#############
2,0,2,0.00133333333333,74.401125,-329.261871354,-5268.18994166
#############
0
#############
3,0,3,0.002,74.4506625,-329.261885627,-5268.19017003
#############
0
#############
4,0,4,0.00266666666667,74.50019375,-329.261897918,-5268.19036669
#############
0
#############
5,0,5,0.00333333333333,74.54973125,-329.261911184,-5268.19057894
#############
0
#############
6,0,6,0.004,74.5992625,-329.261921933,-5268.19075093
#############
1
#############
7,1,0,0.0,74.30205625,-329.261843374,-5268.18949398
#############
1
#############
8,1,1,0.000666666666667,74.35159375,-329.261857894,-5268.18972631
#############
1
#############
9,1,2,0.00133333333333,74.401125,-329.261871359,-5268.18994174
#############
1
#############
10,1,3,0.002,74.4506625,-329.261885619,-5268.1901699
#############
1
#############
11,1,4,0.00266666666667,74.50019375,-329.261897917,-5268.19036667
#############
1
#############
12,1,5,0.00333333333333,74.54973125,-329.261911186,-5268.19057898
#############
1
#############
13,1,6,0.004,74.5992625,-329.261921948,-5268.19075117
#############
2
#############
14,2,0,0.0,74.30205625,-329.261843374,-5268.18949398
#############
2
#############
15,2,1,0.000666666666667,74.35159375,-329.261857915,-5268.18972664
#############
2
#############
16,2,2,0.00133333333333,74.401125,-329.261871387,-5268.18994219
#############
2
#############
17,2,3,0.002,74.4506625,-329.261885639,-5268.19017022
#############
2
#############
18,2,4,0.00266666666667,74.50019375,-329.261897937,-5268.19036699
#############
2
#############
19,2,5,0.00333333333333,74.54973125,-329.261911206,-5268.19057929
#############
2
#############
20,2,6,0.004,74.5992625,-329.261921953,-5268.19075125
#############
3
#############
21,3,0,0.0,74.30205625,-329.261843374,-5268.18949398
#############
3
#############
22,3,1,0.000666666666667,74.30205625,-329.261842644,-5268.1894823
#############
3
#############
23,3,2,0.00133333333333,74.30205625,-329.261840654,-5268.18945046
#############
3
#############
24,3,3,0.002,74.30205625,-329.261838732,-5268.18941971
#############
3
#############
25,3,4,0.00266666666667,74.30205625,-329.261833916,-5268.18934266
#############
3
#############
26,3,5,0.00333333333333,74.30205625,-329.261828206,-5268.18925129
#############
3
#############
27,3,6,0.004,74.30205625,-329.261821764,-5268.18914822
#############
4
#############
28,4,0,0.0,74.30205625,-329.261843374,-5268.18949398
#############
4
#############
29,4,1,0.000666666666667,74.30205625,-329.261842656,-5268.18948249
#############
4
#############
30,4,2,0.00133333333333,74.30205625,-329.261840671,-5268.18945074
#############
4
#############
31,4,3,0.002,74.30205625,-329.261838749,-5268.18941998
#############
4
#############
32,4,4,0.00266666666667,74.30205625,-329.261833935,-5268.18934296
#############
4
#############
33,4,5,0.00333333333333,74.30205625,-329.261828223,-5268.18925157
#############
4
#############
34,4,6,0.004,74.30205625,-329.26182176,-5268.18914816
#############
5
#############
35,5,0,0.0,74.30205625,-329.261843374,-5268.18949398
#############
5
#############
36,5,1,0.000666666666667,74.30205625,-329.261842675,-5268.1894828
#############
5
#############
37,5,2,0.00133333333333,74.30205625,-329.261840659,-5268.18945055
#############
5
#############
38,5,3,0.002,74.30205625,-329.261838739,-5268.18941983
#############
5
#############
39,5,4,0.00266666666667,74.30205625,-329.261833926,-5268.18934281
#############
5
#############
40,5,5,0.00333333333333,74.30205625,-329.261828223,-5268.18925157
#############
5
#############
41,5,6,0.004,74.30205625,-329.261821768,-5268.18914829
#############
6
#############
42,6,0,0.0,74.30205625,-329.261843374,-5268.18949398
#############
6
#############
43,6,1,0.000666666666667,74.30205625,-329.261842737,-5268.18948379
#############
6
#############
44,6,2,0.00133333333333,74.30205625,-329.261841039,-5268.18945663
#############
6
#############
45,6,3,0.002,74.30205625,-329.261838951,-5268.18942321
#############
6
#############
46,6,4,0.00266666666667,74.30205625,-329.261837586,-5268.18940138
#############
6
#############
47,6,5,0.00333333333333,74.30205625,-329.26183478,-5268.18935648
#############
6
#############
48,6,6,0.004,74.30205625,-329.261832399,-5268.18931839
#############
7
#############
49,7,0,0.0,74.30205625,-329.261843374,-5268.18949398
#############
7
#############
50,7,1,0.000666666666667,74.30205625,-329.261842744,-5268.18948391
#############
7
#############
51,7,2,0.00133333333333,74.30205625,-329.261841024,-5268.18945639
#############
7
#############
52,7,3,0.002,74.30205625,-329.261838957,-5268.18942331
#############
7
#############
53,7,4,0.00266666666667,74.30205625,-329.261837589,-5268.18940143
#############
7
#############
54,7,5,0.00333333333333,74.30205625,-329.261834767,-5268.18935627
#############
7
#############
55,7,6,0.004,74.30205625,-329.261832396,-5268.18931834
#############
8
#############
56,8,0,0.0,74.30205625,-329.261843374,-5268.18949398
#############
8
#############
57,8,1,0.000666666666667,74.30205625,-329.261842737,-5268.1894838
#############
8
#############
58,8,2,0.00133333333333,74.30205625,-329.261841033,-5268.18945652
#############
8
#############
59,8,3,0.002,74.30205625,-329.261838946,-5268.18942313
#############
8
#############
60,8,4,0.00266666666667,74.30205625,-329.261837576,-5268.18940122
#############
8
#############
61,8,5,0.00333333333333,74.30205625,-329.261834762,-5268.1893562
#############
8
#############
62,8,6,0.004,74.30205625,-329.261832391,-5268.18931825


############################
EOS Parameters
############################

V0 75.8702665574 Bohr^3
E0 -329.262127846 Ry
B0 0.0162627705061 Ry/Bohr^3
B0P 3.31889649178
B0 239.23348553 GPa


############################
EC Calculation
############################

C2 0: 0.6371986741
C2 1: 0.634620547055
C2 2: 0.639960954027
C2 3: 1.41830356037
C2 4: 1.42352678338
C2 5: 1.41972653066
C2 6: 0.343225450741
C2 7: 0.343359386366
C2 8: 0.342505604191

Volume: 74.3020571531

C11: 0.0171515755691
C22: 0.0170821797234
C33: 0.0172259282864
C44: 0.00954417424437
C55: 0.00957932282041
C66: 0.0095537498224
C12: 0.0124975512926
C13: 0.0125676229911
C23: 0.0125444157619


###########################################################################
Duration: 21.823688745498657
###########################################################################
