###########################################################################
Sat, 14 Nov 2020 21:58:59 +0000
###########################################################################

Script: qeeos.py
Loaded: input.in

############################
EOS Calc
############################

Strain (0): -0.005
Strain (1): -0.00333333333333
Strain (2): -0.00166666666667
Strain (3): 0.0
Strain (4): 0.00166666666667
Strain (5): 0.00333333333333
Strain (6): 0.005

############################
EC Calc
############################

#############
0
#############
Sigma: 0.0
Sigma: 0.000833333333333
Sigma: 0.00166666666667
Sigma: 0.0025
Sigma: 0.00333333333333
Sigma: 0.00416666666667
Sigma: 0.005

#############
1
#############
Sigma: 0.0
Sigma: 0.000833333333333
Sigma: 0.00166666666667
Sigma: 0.0025
Sigma: 0.00333333333333
Sigma: 0.00416666666667
Sigma: 0.005

#############
2
#############
Sigma: 0.0
Sigma: 0.000833333333333
Sigma: 0.00166666666667
Sigma: 0.0025
Sigma: 0.00333333333333
Sigma: 0.00416666666667
Sigma: 0.005

#############
3
#############
Sigma: 0.0
Sigma: 0.000833333333333
Sigma: 0.00166666666667
Sigma: 0.0025
Sigma: 0.00333333333333
Sigma: 0.00416666666667
Sigma: 0.005

#############
4
#############
Sigma: 0.0
Sigma: 0.000833333333333
Sigma: 0.00166666666667
Sigma: 0.0025
Sigma: 0.00333333333333
Sigma: 0.00416666666667
Sigma: 0.005

#############
5
#############
Sigma: 0.0
Sigma: 0.000833333333333
Sigma: 0.00166666666667
Sigma: 0.0025
Sigma: 0.00333333333333
Sigma: 0.00416666666667
Sigma: 0.005

#############
6
#############
Sigma: 0.0
Sigma: 0.000833333333333
Sigma: 0.00166666666667
Sigma: 0.0025
Sigma: 0.00333333333333
Sigma: 0.00416666666667
Sigma: 0.005

#############
7
#############
Sigma: 0.0
Sigma: 0.000833333333333
Sigma: 0.00166666666667
Sigma: 0.0025
Sigma: 0.00333333333333
Sigma: 0.00416666666667
Sigma: 0.005

#############
8
#############
Sigma: 0.0
Sigma: 0.000833333333333
Sigma: 0.00166666666667
Sigma: 0.0025
Sigma: 0.00333333333333
Sigma: 0.00416666666667
Sigma: 0.005

#############
0
#############
0,0,0,0.0,102.11764375,-512.029942428,-16384.9581577
#############
0
#############
1,0,1,0.000833333333333,102.202740625,-512.029951029,-16384.9584329
#############
0
#############
2,0,2,0.00166666666667,102.287840625,-512.029958978,-16384.9586873
#############
0
#############
3,0,3,0.0025,102.3729375,-512.029965669,-16384.9589014
#############
0
#############
4,0,4,0.00333333333333,102.4580375,-512.02997101,-16384.9590723
#############
0
#############
5,0,5,0.00416666666667,102.543134375,-512.029975634,-16384.9592203
#############
0
#############
6,0,6,0.005,102.62823125,-512.029979176,-16384.9593336
#############
1
#############
7,1,0,0.0,102.11764375,-512.029942428,-16384.9581577
#############
1
#############
8,1,1,0.000833333333333,102.202740625,-512.029951029,-16384.9584329
#############
1
#############
9,1,2,0.00166666666667,102.287840625,-512.029958977,-16384.9586873
#############
1
#############
10,1,3,0.0025,102.3729375,-512.029965669,-16384.9589014
#############
1
#############
11,1,4,0.00333333333333,102.4580375,-512.02997101,-16384.9590723
#############
1
#############
12,1,5,0.00416666666667,102.543134375,-512.029975634,-16384.9592203
#############
1
#############
13,1,6,0.005,102.62823125,-512.029979176,-16384.9593336
#############
2
#############
14,2,0,0.0,102.11764375,-512.029942428,-16384.9581577
#############
2
#############
15,2,1,0.000833333333333,102.202740625,-512.029951028,-16384.9584329
#############
2
#############
16,2,2,0.00166666666667,102.287840625,-512.029958976,-16384.9586872
#############
2
#############
17,2,3,0.0025,102.3729375,-512.029965668,-16384.9589014
#############
2
#############
18,2,4,0.00333333333333,102.4580375,-512.029971009,-16384.9590723
#############
2
#############
19,2,5,0.00416666666667,102.543134375,-512.029975633,-16384.9592202
#############
2
#############
20,2,6,0.005,102.62823125,-512.029979175,-16384.9593336
#############
3
#############
21,3,0,0.0,102.11764375,-512.029942428,-16384.9581577
#############
3
#############
22,3,1,0.000833333333333,102.11764375,-512.029941101,-16384.9581152
#############
3
#############
23,3,2,0.00166666666667,102.11764375,-512.029938688,-16384.958038
#############
3
#############
24,3,3,0.0025,102.11764375,-512.02993436,-16384.9578995
#############
3
#############
25,3,4,0.00333333333333,102.11764375,-512.029928898,-16384.9577247
#############
3
#############
26,3,5,0.00416666666667,102.11764375,-512.029921528,-16384.9574889
#############
3
#############
27,3,6,0.005,102.11764375,-512.029912498,-16384.9571999
#############
4
#############
28,4,0,0.0,102.11764375,-512.029942428,-16384.9581577
#############
4
#############
29,4,1,0.000833333333333,102.11764375,-512.029941102,-16384.9581153
#############
4
#############
30,4,2,0.00166666666667,102.11764375,-512.029938688,-16384.958038
#############
4
#############
31,4,3,0.0025,102.11764375,-512.02993436,-16384.9578995
#############
4
#############
32,4,4,0.00333333333333,102.11764375,-512.029928898,-16384.9577247
#############
4
#############
33,4,5,0.00416666666667,102.11764375,-512.029921529,-16384.9574889
#############
4
#############
34,4,6,0.005,102.11764375,-512.029912498,-16384.9571999
#############
5
#############
35,5,0,0.0,102.11764375,-512.029942428,-16384.9581577
#############
5
#############
36,5,1,0.000833333333333,102.11764375,-512.029941099,-16384.9581152
#############
5
#############
37,5,2,0.00166666666667,102.11764375,-512.029938686,-16384.9580379
#############
5
#############
38,5,3,0.0025,102.11764375,-512.029934357,-16384.9578994
#############
5
#############
39,5,4,0.00333333333333,102.11764375,-512.029928895,-16384.9577247
#############
5
#############
40,5,5,0.00416666666667,102.11764375,-512.029921526,-16384.9574888
#############
5
#############
41,5,6,0.005,102.11764375,-512.029912495,-16384.9571998
#############
6
#############
42,6,0,0.0,102.11764375,-512.029942428,-16384.9581577
#############
6
#############
43,6,1,0.000833333333333,102.11764375,-512.029941503,-16384.9581281
#############
6
#############
44,6,2,0.00166666666667,102.11764375,-512.029940672,-16384.9581015
#############
6
#############
45,6,3,0.0025,102.11764375,-512.029938907,-16384.958045
#############
6
#############
46,6,4,0.00333333333333,102.11764375,-512.029936228,-16384.9579593
#############
6
#############
47,6,5,0.00416666666667,102.11764375,-512.02993328,-16384.957865
#############
6
#############
48,6,6,0.005,102.11764375,-512.02992936,-16384.9577395
#############
7
#############
49,7,0,0.0,102.11764375,-512.029942428,-16384.9581577
#############
7
#############
50,7,1,0.000833333333333,102.11764375,-512.02994151,-16384.9581283
#############
7
#############
51,7,2,0.00166666666667,102.11764375,-512.029940672,-16384.9581015
#############
7
#############
52,7,3,0.0025,102.11764375,-512.029938907,-16384.958045
#############
7
#############
53,7,4,0.00333333333333,102.11764375,-512.029936216,-16384.9579589
#############
7
#############
54,7,5,0.00416666666667,102.11764375,-512.02993327,-16384.9578647
#############
7
#############
55,7,6,0.005,102.11764375,-512.029929352,-16384.9577392
#############
8
#############
56,8,0,0.0,102.11764375,-512.029942428,-16384.9581577
#############
8
#############
57,8,1,0.000833333333333,102.11764375,-512.029941501,-16384.958128
#############
8
#############
58,8,2,0.00166666666667,102.11764375,-512.029940672,-16384.9581015
#############
8
#############
59,8,3,0.0025,102.11764375,-512.029938907,-16384.958045
#############
8
#############
60,8,4,0.00333333333333,102.11764375,-512.029936228,-16384.9579593
#############
8
#############
61,8,5,0.00416666666667,102.11764375,-512.029933266,-16384.9578645
#############
8
#############
62,8,6,0.005,102.11764375,-512.029929348,-16384.9577391


############################
EOS Parameters
############################

V0 103.055133214 Bohr^3
E0 -512.029995887 Ry
B0 0.012538146479 Ry/Bohr^3
B0P 4.7014295893
B0 184.442403779 GPa


############################
EC Calculation
############################

C2 0: 0.764892820772
C2 1: 0.764866045811
C2 2: 0.764748200751
C2 3: 1.12394463144
C2 4: 1.12403570438
C2 5: 1.12378393622
C2 6: 0.4694678559
C2 7: 0.469537520804
C2 8: 0.470426768296

Volume: 102.117644051

C11: 0.0149806202029
C22: 0.0149800958085
C33: 0.0149777877831
C44: 0.00550318528148
C55: 0.00550363120315
C66: 0.00550239846728
C12: 0.0103830343966
C13: 0.0103811981815
C23: 0.0103722279153


###########################################################################
Duration: 21.924474716186523
###########################################################################
